<?xml version="1.0" encoding="UTF-8"?>
<!-- Generated by org.testng.reporters.JUnitReportReporter -->
<testsuite skipped="0" hostname="DESKTOP-432J1MB" name="mywebapp.NewTest" tests="1" failures="0" timestamp="25 Mar 2018 01:32:07 GMT" time="6.288" errors="0">
  <testcase name="verifyHomepageTitle" time="6.288" classname="mywebapp.NewTest"/>
</testsuite> <!-- mywebapp.NewTest -->
